[0m17:23:30.440956 [debug] [MainThread]: Sending event: {'category': 'dbt', 'action': 'invocation', 'label': 'start', 'context': [<snowplow_tracker.self_describing_json.SelfDescribingJson object at 0x79975c2e2030>, <snowplow_tracker.self_describing_json.SelfDescribingJson object at 0x79975d9822d0>, <snowplow_tracker.self_describing_json.SelfDescribingJson object at 0x79975c7e6e70>]}


============================== 17:23:30.442607 | c15585a6-d117-47ae-89b6-7533a54f40f4 ==============================
[0m17:23:30.442607 [info ] [MainThread]: Running with dbt=1.10.19
[0m17:23:30.442892 [debug] [MainThread]: running dbt with arguments {'indirect_selection': 'eager', 'use_colors': 'True', 'fail_fast': 'False', 'version_check': 'True', 'log_path': 'logs', 'printer_width': '80', 'profiles_dir': '/home/barveganesh/.dbt', 'send_anonymous_usage_stats': 'True', 'log_format': 'default', 'log_cache_events': 'False', 'write_json': 'True', 'empty': 'None', 'cache_selected_only': 'False', 'partial_parse': 'True', 'static_parser': 'True', 'target_path': 'None', 'introspect': 'True', 'invocation_command': 'dbt init postgres_dbt_project', 'quiet': 'False', 'no_print': 'None', 'debug': 'False', 'warn_error_options': 'WarnErrorOptionsV2(error=[], warn=[], silence=[])', 'warn_error': 'None', 'use_experimental_parser': 'False'}
[0m17:23:30.446672 [info ] [MainThread]: Creating dbt configuration folder at /home/barveganesh/.dbt
[0m17:23:30.447374 [debug] [MainThread]: Starter project path: /home/barveganesh/Documents/DE_Workshop/Data_Engineering_Learning/dbt-env/lib/python3.12/site-packages/dbt/include/starter_project
[0m17:23:30.448769 [info ] [MainThread]: 
Your new dbt project "postgres_dbt_project" was created!

For more information on how to configure the profiles.yml file,
please consult the dbt documentation here:

  https://docs.getdbt.com/docs/configure-your-profile

One more thing:

Need help? Don't hesitate to reach out to us via GitHub issues or on Slack:

  https://community.getdbt.com/

Happy modeling!

[0m17:23:30.448983 [info ] [MainThread]: Setting up your profile.
[0m17:25:20.763484 [info ] [MainThread]: Profile postgres_dbt_project written to /home/barveganesh/.dbt/profiles.yml using target's profile_template.yml and your supplied values. Run 'dbt debug' to validate the connection.
[0m17:25:20.764183 [debug] [MainThread]: Resource report: {"command_name": "init", "command_success": true, "command_wall_clock_time": 110.350334, "process_in_blocks": "4416", "process_kernel_time": 0.100928, "process_mem_max_rss": "104620", "process_out_blocks": "80", "process_user_time": 0.705501}
[0m17:25:20.764492 [debug] [MainThread]: Command `dbt init` succeeded at 17:25:20.764434 after 110.35 seconds
[0m17:25:20.764726 [debug] [MainThread]: Sending event: {'category': 'dbt', 'action': 'invocation', 'label': 'end', 'context': [<snowplow_tracker.self_describing_json.SelfDescribingJson object at 0x79975e30b3e0>, <snowplow_tracker.self_describing_json.SelfDescribingJson object at 0x79975ff6fad0>, <snowplow_tracker.self_describing_json.SelfDescribingJson object at 0x79975ba16cc0>]}
[0m17:25:20.764980 [debug] [MainThread]: Flushing usage events
[0m17:25:22.181156 [debug] [MainThread]: An error was encountered while trying to flush usage events
[0m17:25:34.116363 [debug] [MainThread]: Sending event: {'category': 'dbt', 'action': 'invocation', 'label': 'start', 'context': [<snowplow_tracker.self_describing_json.SelfDescribingJson object at 0x772f9c9d23c0>, <snowplow_tracker.self_describing_json.SelfDescribingJson object at 0x772f9ee2b110>, <snowplow_tracker.self_describing_json.SelfDescribingJson object at 0x772f9ce96e70>]}


============================== 17:25:34.118061 | e2a0aa9d-57a0-43e2-83bf-590400da51e5 ==============================
[0m17:25:34.118061 [info ] [MainThread]: Running with dbt=1.10.19
[0m17:25:34.118350 [debug] [MainThread]: running dbt with arguments {'log_path': 'logs', 'version_check': 'True', 'log_cache_events': 'False', 'log_format': 'default', 'quiet': 'False', 'static_parser': 'True', 'use_experimental_parser': 'False', 'profiles_dir': '/home/barveganesh/.dbt', 'send_anonymous_usage_stats': 'True', 'cache_selected_only': 'False', 'introspect': 'True', 'warn_error_options': 'WarnErrorOptionsV2(error=[], warn=[], silence=[])', 'invocation_command': 'dbt debug', 'fail_fast': 'False', 'write_json': 'True', 'partial_parse': 'True', 'use_colors': 'True', 'warn_error': 'None', 'printer_width': '80', 'target_path': 'None', 'empty': 'None', 'debug': 'False', 'no_print': 'None', 'indirect_selection': 'eager'}
[0m17:25:34.122416 [info ] [MainThread]: dbt version: 1.10.19
[0m17:25:34.122615 [info ] [MainThread]: python version: 3.12.3
[0m17:25:34.122798 [info ] [MainThread]: python path: /home/barveganesh/Documents/DE_Workshop/Data_Engineering_Learning/dbt-env/bin/python
[0m17:25:34.122979 [info ] [MainThread]: os info: Linux-6.14.0-36-generic-x86_64-with-glibc2.39
[0m17:25:34.145970 [info ] [MainThread]: Using profiles dir at /home/barveganesh/.dbt
[0m17:25:34.146252 [info ] [MainThread]: Using profiles.yml file at /home/barveganesh/.dbt/profiles.yml
[0m17:25:34.146415 [info ] [MainThread]: Using dbt_project.yml file at /home/barveganesh/Documents/DE_Workshop/Data_Engineering_Learning/dbt_project.yml
[0m17:25:34.146638 [info ] [MainThread]: adapter type: postgres
[0m17:25:34.146800 [info ] [MainThread]: adapter version: 1.10.0
[0m17:25:34.146956 [info ] [MainThread]: Configuration:
[0m17:25:34.147099 [info ] [MainThread]:   profiles.yml file [[32mOK found and valid[0m]
[0m17:25:34.147250 [info ] [MainThread]:   dbt_project.yml file [[31mERROR not found[0m]
[0m17:25:34.147389 [info ] [MainThread]: Required dependencies:
[0m17:25:34.147541 [debug] [MainThread]: Executing "git --help"
[0m17:25:34.149068 [debug] [MainThread]: STDOUT: "b"usage: git [-v | --version] [-h | --help] [-C <path>] [-c <name>=<value>]\n           [--exec-path[=<path>]] [--html-path] [--man-path] [--info-path]\n           [-p | --paginate | -P | --no-pager] [--no-replace-objects] [--bare]\n           [--git-dir=<path>] [--work-tree=<path>] [--namespace=<name>]\n           [--config-env=<name>=<envvar>] <command> [<args>]\n\nThese are common Git commands used in various situations:\n\nstart a working area (see also: git help tutorial)\n   clone     Clone a repository into a new directory\n   init      Create an empty Git repository or reinitialize an existing one\n\nwork on the current change (see also: git help everyday)\n   add       Add file contents to the index\n   mv        Move or rename a file, a directory, or a symlink\n   restore   Restore working tree files\n   rm        Remove files from the working tree and from the index\n\nexamine the history and state (see also: git help revisions)\n   bisect    Use binary search to find the commit that introduced a bug\n   diff      Show changes between commits, commit and working tree, etc\n   grep      Print lines matching a pattern\n   log       Show commit logs\n   show      Show various types of objects\n   status    Show the working tree status\n\ngrow, mark and tweak your common history\n   branch    List, create, or delete branches\n   commit    Record changes to the repository\n   merge     Join two or more development histories together\n   rebase    Reapply commits on top of another base tip\n   reset     Reset current HEAD to the specified state\n   switch    Switch branches\n   tag       Create, list, delete or verify a tag object signed with GPG\n\ncollaborate (see also: git help workflows)\n   fetch     Download objects and refs from another repository\n   pull      Fetch from and integrate with another repository or a local branch\n   push      Update remote refs along with associated objects\n\n'git help -a' and 'git help -g' list available subcommands and some\nconcept guides. See 'git help <command>' or 'git help <concept>'\nto read about a specific subcommand or concept.\nSee 'git help git' for an overview of the system.\n""
[0m17:25:34.149270 [debug] [MainThread]: STDERR: "b''"
[0m17:25:34.149422 [info ] [MainThread]:  - git [[32mOK found[0m]

[0m17:25:34.149578 [info ] [MainThread]: Connection:
[0m17:25:34.149736 [info ] [MainThread]:   host: localhost
[0m17:25:34.149878 [info ] [MainThread]:   port: 5432
[0m17:25:34.150015 [info ] [MainThread]:   user: dbt_user
[0m17:25:34.150155 [info ] [MainThread]:   database: DE_Workshop
[0m17:25:34.150292 [info ] [MainThread]:   schema: public
[0m17:25:34.150429 [info ] [MainThread]:   connect_timeout: 10
[0m17:25:34.150561 [info ] [MainThread]:   role: None
[0m17:25:34.150691 [info ] [MainThread]:   search_path: None
[0m17:25:34.150821 [info ] [MainThread]:   keepalives_idle: 0
[0m17:25:34.150948 [info ] [MainThread]:   sslmode: None
[0m17:25:34.151072 [info ] [MainThread]:   sslcert: None
[0m17:25:34.151209 [info ] [MainThread]:   sslkey: None
[0m17:25:34.151341 [info ] [MainThread]:   sslrootcert: None
[0m17:25:34.151469 [info ] [MainThread]:   application_name: dbt
[0m17:25:34.151595 [info ] [MainThread]:   retries: 1
[0m17:25:34.151787 [info ] [MainThread]: Registered adapter: postgres=1.10.0
[0m17:25:34.209855 [debug] [MainThread]: Acquiring new postgres connection 'debug'
[0m17:25:34.236989 [debug] [MainThread]: Using postgres connection "debug"
[0m17:25:34.237233 [debug] [MainThread]: On debug: select 1 as id
[0m17:25:34.237412 [debug] [MainThread]: Opening a new connection, currently in state init
[0m17:25:34.270414 [debug] [MainThread]: SQL status: SELECT 1 in 0.033 seconds
[0m17:25:34.271088 [debug] [MainThread]: On debug: Close
[0m17:25:34.271382 [info ] [MainThread]:   Connection test: [[32mOK connection ok[0m]

[0m17:25:34.271620 [info ] [MainThread]: [31m1 check failed:[0m
[0m17:25:34.271809 [info ] [MainThread]: Project loading failed for the following reason:
 project path </home/barveganesh/Documents/DE_Workshop/Data_Engineering_Learning/dbt_project.yml> not found

[0m17:25:34.272269 [debug] [MainThread]: Resource report: {"command_name": "debug", "command_success": false, "command_wall_clock_time": 0.18345746, "process_in_blocks": "528", "process_kernel_time": 0.167297, "process_mem_max_rss": "115720", "process_out_blocks": "24", "process_user_time": 0.730928}
[0m17:25:34.272525 [debug] [MainThread]: Command `dbt debug` failed at 17:25:34.272479 after 0.18 seconds
[0m17:25:34.272711 [debug] [MainThread]: Connection 'debug' was properly closed.
[0m17:25:34.272892 [debug] [MainThread]: Sending event: {'category': 'dbt', 'action': 'invocation', 'label': 'end', 'context': [<snowplow_tracker.self_describing_json.SelfDescribingJson object at 0x772f9d280140>, <snowplow_tracker.self_describing_json.SelfDescribingJson object at 0x772f9d03fe00>, <snowplow_tracker.self_describing_json.SelfDescribingJson object at 0x772f9d069ca0>]}
[0m17:25:34.273105 [debug] [MainThread]: Flushing usage events
[0m17:25:36.005152 [debug] [MainThread]: An error was encountered while trying to flush usage events
